      Date & Time,  Trans,  Elap Time,  Data Trans,  Resp Time,  Trans Rate,  Throughput,  Concurrent,    OKAY,   Failed
2024-06-12 19:08:49,    507,       2.29,          32,       0.11,      221.40,       13.97,       24.24,     507,       0
2024-06-12 19:10:40,   8025,     104.32,         483,       0.31,       76.93,        4.63,       24.05,    7975,      50
2024-06-12 19:56:58,   8025,     109.96,         483,       0.33,       72.98,        4.39,       24.02,    7975,      50
2024-06-12 20:00:43,   8025,     107.21,         483,       0.32,       74.85,        4.51,       23.89,    7975,      50
2024-06-12 20:04:13,   8025,     115.46,         483,       0.35,       69.50,        4.18,       23.99,    7975,      50
2024-06-12 20:23:21,   2347,      46.58,         146,       0.27,       50.39,        3.13,       13.72,    2322,       4
2024-06-12 20:26:53,   9625,     205.14,         581,       0.28,       46.92,        2.83,       13.13,    9550,      75
2024-06-12 20:36:43,   7989,     184.63,         483,       0.23,       43.27,        2.62,       10.14,    7935,      54
2024-06-12 20:39:24,   6575,     157.32,         406,       0.01,       41.79,        2.58,        0.38,    6575,       0
2024-06-12 21:38:33,    613,       7.19,          38,       0.29,       85.26,        5.29,       24.47,     613,       0
2024-06-12 21:41:42, 279726,    1199.32,       17267,       0.11,      233.24,       14.40,       25.00,  279726,       0
2024-06-12 21:51:09,   1571,       6.76,         100,       0.11,      232.40,       14.79,       24.78,    1571,       0
2024-06-12 21:52:41,  13575,      59.04,         840,       0.11,      229.93,       14.23,       24.97,   13575,       0
2024-06-12 21:58:25,  13723,      59.21,         848,       0.11,      231.77,       14.32,       24.97,   13723,       1
2024-06-12 22:01:35,  27656,     119.52,        1709,       0.11,      231.39,       14.30,       24.99,   27656,       0
2024-06-13 15:55:18,   5127,     331.53,         297,       1.10,       15.46,        0.90,       16.98,    5127,       1
2024-06-14 11:46:20,    318,       7.48,          22,       0.56,       42.51,        2.94,       23.99,     318,       0
2024-06-14 11:46:30,     87,       2.31,          10,       0.58,       37.66,        4.33,       22.03,      87,       0
2024-06-14 11:46:39,    152,       3.71,          13,       0.57,       40.97,        3.50,       23.25,     152,       0
2024-06-14 11:50:11,   8550,     203.14,         472,       0.55,       42.09,        2.32,       23.06,    8550,       0
2024-06-14 11:55:16,   4213,      87.06,         233,       0.52,       48.39,        2.68,       24.93,    4213,       0
2024-06-14 11:55:22,     94,       2.08,          10,       0.50,       45.19,        4.81,       22.68,      94,       0
2024-06-14 11:57:46,     97,       2.22,          10,       0.52,       43.69,        4.50,       22.75,      97,       0
2024-06-14 11:59:16,     27,       0.65,           0,       0.39,       41.54,        0.00,       16.28,      27,       0
2024-06-14 11:59:31,    172,       3.79,          14,       0.52,       45.38,        3.69,       23.43,     172,       0
2024-06-14 12:00:06,     73,       1.86,          10,       0.54,       39.25,        5.38,       21.23,      73,       0
2024-06-14 13:50:26,   7743,     227.45,         442,       0.73,       34.04,        1.94,       24.96,    7743,       0
2024-06-14 13:52:53,    175,       5.01,          14,       0.67,       34.93,        2.79,       23.50,     175,       0
2024-06-14 13:54:29,    175,       5.20,          14,       0.70,       33.65,        2.69,       23.48,     175,       0
2024-06-14 13:59:06,   8625,     249.93,         493,       0.67,       34.51,        1.97,       23.06,    8625,       0
2024-06-14 14:10:53,   4323,     130.64,         250,       0.60,       33.09,        1.91,       19.95,    4323,      56
2024-06-18 14:15:45,      0,       0.01,           0,       -nan,        0.00,        0.00,        0.00,       0,      25
2024-06-18 14:16:03,    175,       5.77,          14,       0.77,       30.33,        2.43,       23.50,     175,       0
2024-06-29 18:58:26,      0,       0.00,           0,       -nan,        -nan,        -nan,        -nan,       0,      25
2024-06-29 18:59:01,    175,       0.77,          14,       0.10,      227.27,       18.18,       23.34,     175,       0
2024-06-29 18:59:22,    325,      10.42,          22,       0.10,       31.19,        2.11,        3.20,     325,     250
2024-06-29 18:59:41,    325,       6.84,          22,       0.10,       47.51,        3.22,        4.98,     325,       0
2024-06-29 19:00:40,    325,      16.40,          22,       1.06,       19.82,        1.34,       20.98,     325,      75
2024-06-29 19:01:08,    175,       7.69,          14,       1.03,       22.76,        1.82,       23.44,     175,       0
2024-06-29 19:01:19,    175,       7.56,          14,       1.01,       23.15,        1.85,       23.42,     175,       0
2024-06-29 19:01:37,    325,      15.95,          22,       1.02,       20.38,        1.38,       20.85,     325,      75
2024-06-29 19:04:12,    325,      16.55,          22,       1.07,       19.64,        1.33,       21.00,     325,      75
2024-06-29 19:12:14,    325,      15.95,          22,       1.03,       20.38,        1.38,       20.91,     325,      75
2024-06-29 19:13:22,    325,      16.12,          22,       1.04,       20.16,        1.36,       20.94,     325,      75
2024-06-29 19:16:18,    341,     137.73,          23,       1.00,        2.48,        0.17,        2.47,     341,      73
2024-06-29 19:17:18,      0,       0.01,           0,       -nan,        0.00,        0.00,        0.00,       0,      25
2024-06-29 19:17:27,    175,       0.76,          14,       0.10,      230.26,       18.42,       23.37,     175,       0
2024-06-29 19:17:30,    175,       0.77,          14,       0.10,      227.27,       18.18,       23.19,     175,       0
2024-06-29 19:18:19,    318,      41.19,          21,       0.11,        7.72,        0.51,        0.82,     318,      26
2024-06-29 19:19:12,      0,       4.54,           0,       -nan,        0.00,        0.00,        0.00,       0,      44
2024-06-29 19:20:04,     82,      49.17,           3,       0.05,        1.67,        0.06,        0.09,      82,      26
2024-06-29 19:20:22,      0,       0.69,           0,       -nan,        0.00,        0.00,        0.00,       0,      11
2024-06-29 19:20:40,      0,       0.00,           0,       -nan,        -nan,        -nan,        -nan,       0,       1
2024-06-29 19:20:49,      1,       0.01,           0,       0.01,      100.00,        0.00,        1.00,       1,       0
2024-06-29 19:22:00,     29,      19.40,           1,       0.14,        1.49,        0.05,        0.21,      29,       7
2024-06-29 19:22:34,     47,      21.57,           2,       0.05,        2.18,        0.09,        0.10,      47,       8
2024-06-29 19:23:46,      9,      21.52,           0,       0.00,        0.42,        0.00,        0.00,       9,       7
2024-06-29 19:24:16,      3,       6.14,           0,       0.00,        0.49,        0.00,        0.00,       3,       2
2024-06-29 19:25:32,      2,       2.01,           0,       1.00,        1.00,        0.00,        1.00,       2,       1
2024-06-29 19:28:19,      2,       7.86,           0,       3.93,        0.25,        0.00,        1.00,       2,       1
2024-06-29 19:30:11,      2,       7.41,           0,       3.71,        0.27,        0.00,        1.00,       2,       1
2024-06-29 19:31:30,      3,       0.01,           0,       0.00,      300.00,        0.00,        1.00,       3,       0
2024-06-29 19:31:41,      3,       0.02,           0,       0.01,      150.00,        0.00,        1.00,       3,       0
2024-06-29 19:32:21,      8,      27.16,           0,       0.91,        0.29,        0.00,        0.27,       8,       7
2024-06-29 19:32:46,      9,      23.54,           0,       0.23,        0.38,        0.00,        0.09,       9,       8
2024-06-29 19:45:24,      1,       0.01,           0,       0.01,      100.00,        0.00,        1.00,       1,       0
2024-06-29 19:45:30,      1,       0.01,           0,       0.01,      100.00,        0.00,        1.00,       1,       0
2024-06-29 19:46:08,      0,       2.01,           0,        inf,        0.00,        0.00,        1.00,       0,       1
2024-06-29 19:46:15,      0,       2.01,           0,        inf,        0.00,        0.00,        1.00,       0,       1
2024-06-29 19:46:19,      0,       2.00,           0,        inf,        0.00,        0.00,        1.00,       0,       1
2024-06-29 19:46:27,      1,       2.02,           0,       2.02,        0.50,        0.00,        1.00,       1,       1
2024-06-29 19:46:45,      3,       2.01,           0,       0.67,        1.49,        0.00,        1.00,       3,       1
2024-06-29 19:46:58,      1,       2.02,           0,       2.02,        0.50,        0.00,        1.00,       1,       1
2024-06-29 19:47:15,      1,       2.01,           0,       2.01,        0.50,        0.00,        1.00,       1,       1
2024-06-29 19:47:37,      1,      12.59,           0,      12.59,        0.08,        0.00,        1.00,       1,       1
2024-06-29 19:48:29,      1,       2.40,           0,       2.40,        0.42,        0.00,        1.00,       1,       1
2024-06-29 19:49:36,      2,       0.30,           0,       0.15,        6.67,        0.00,        1.00,       2,       0
2024-06-29 19:51:48,      0,       4.81,           0,       -nan,        0.00,        0.00,        0.00,       0,      45
2024-06-29 19:52:44,     41,      48.95,           0,       0.02,        0.84,        0.00,        0.02,      41,     339
2024-06-29 19:52:56,      4,       6.83,           0,       0.31,        0.59,        0.00,        0.18,       4,      59
2024-06-29 19:53:26,      2,       6.54,           0,       0.31,        0.31,        0.00,        0.09,       2,      62
2024-06-29 19:55:28,     12,      11.60,           0,       0.40,        1.03,        0.00,        0.41,      12,      66
2024-06-29 19:56:40,    158,      59.60,           0,       0.14,        2.65,        0.00,        0.38,     158,     294
2024-06-29 19:58:10,   1416,      59.14,           2,       0.42,       23.94,        0.03,        9.95,    1416,       0
2024-06-29 19:59:09,     17,       0.85,           0,       0.05,       20.00,        0.00,        1.00,      17,       0
2024-06-29 20:02:20,     17,       0.92,           0,       0.05,       18.48,        0.00,        1.00,      17,       0
2024-06-29 20:04:30,     17,       0.87,           0,       0.05,       19.54,        0.00,        1.00,      17,       0
2024-06-29 20:05:55,   1473,      59.66,           2,       0.40,       24.69,        0.03,        9.95,    1473,       0
2024-06-29 20:23:29,   1440,      59.67,           2,       0.41,       24.13,        0.03,        9.96,    1440,       0
2024-06-29 20:32:22,      0,       0.02,           0,       -nan,        0.00,        0.00,        0.00,       0,    1033
**** siege aborted due to excessive socket failure. ****
2024-06-29 20:33:54,   1494,      59.94,           2,       0.40,       24.92,        0.03,        9.96,    1494,       0
2024-06-29 20:37:50,      1,       0.22,           0,       0.22,        4.55,        0.00,        1.00,       1,       0
2024-06-29 20:38:56,   1442,      59.36,           2,       0.41,       24.29,        0.03,        9.96,    1442,       0
2024-06-29 21:02:43,   7351,     299.99,          13,       0.41,       24.50,        0.04,        9.99,    7351,       0
2024-06-29 21:31:05,  14727,     599.10,          26,       0.41,       24.58,        0.04,       10.00,   14727,       0
2024-06-29 22:06:51,  29222,    1199.20,          52,       0.41,       24.37,        0.04,       10.00,   29222,       0
2024-06-29 22:13:40,    138,       5.74,           0,       0.40,       24.04,        0.00,        9.56,     138,       0
2024-06-29 22:53:59,  58798,    2399.17,         105,       0.41,       24.51,        0.04,       10.00,   58798,       0
2024-06-30 17:49:29,  47689,    1985.72,          86,       0.41,       24.02,        0.04,        9.86,   47689,       0
2024-06-30 18:34:20,   1476,      59.68,           2,       0.40,       24.73,        0.03,        9.96,    1476,       0
2024-06-30 18:55:55,  29563,    1199.60,          52,       0.41,       24.64,        0.04,       10.00,   29563,       0
2024-06-30 19:49:37,  58060,    2399.10,         105,       0.41,       24.20,        0.04,       10.00,   58060,       0
2024-06-30 19:53:48,      0,       0.02,           0,       -nan,        0.00,        0.00,        0.00,       0,    1033
**** siege aborted due to excessive socket failure. ****
2024-06-30 20:43:59,  73427,    2999.45,         132,       0.41,       24.48,        0.04,       10.00,   73427,       0
2024-06-30 21:55:27,  73801,    2999.50,         132,       0.41,       24.60,        0.04,       10.00,   73801,       0
2024-06-30 22:25:44,   6239,     254.09,          11,       0.41,       24.55,        0.04,        9.99,    6239,       0
